# Logfile created on 2018-05-22 10:19:25 +0000 by logger.rb/56438
[2018-05-22T10:19:26+00:00] INFO: Started chef-zero at chefzero://localhost:1 with repository at /opt/gitlab/embedded
  One version per cookbook

[2018-05-22T10:19:26+00:00] INFO: *** Chef 13.6.4 ***
[2018-05-22T10:19:26+00:00] INFO: Platform: x86_64-linux
[2018-05-22T10:19:26+00:00] INFO: Chef-client pid: 7290
[2018-05-22T10:19:26+00:00] INFO: The plugin path /etc/chef/ohai/plugins does not exist. Skipping...
[2018-05-22T10:19:27+00:00] WARN: Plugin Network: unable to detect ipaddress
[2018-05-22T10:19:27+00:00] INFO: Setting the run_list to ["recipe[gitlab]"] from CLI options
[2018-05-22T10:19:27+00:00] INFO: Run List is [recipe[gitlab]]
[2018-05-22T10:19:27+00:00] INFO: Run List expands to [gitlab]
[2018-05-22T10:19:27+00:00] INFO: Starting Chef Run for gitlab.example.com
[2018-05-22T10:19:27+00:00] INFO: Running start handlers
[2018-05-22T10:19:27+00:00] INFO: Start handlers complete.
[2018-05-22T10:19:29+00:00] INFO: Loading cookbooks [gitlab@0.0.1, package@0.1.0, postgresql@0.1.0, registry@0.1.0, mattermost@0.1.0, consul@0.0.0, gitaly@0.1.0, letsencrypt@0.1.0, nginx@0.1.0, runit@0.14.2, acme@3.1.0, crond@0.1.0, compat_resource@12.19.0]
[2018-05-22T10:19:30+00:00] WARN: Runtime directory '/run' is not a tmpfs.
[2018-05-22T10:19:31+00:00] WARN: Skipped selecting an init system because it looks like we are running in a container
[2018-05-22T10:19:33+00:00] INFO: The plugin path /etc/chef/ohai/plugins does not exist. Skipping...
[2018-05-22T10:19:33+00:00] INFO: execute[/opt/gitlab/embedded/service/gitlab-shell/bin/gitlab-keys check-permissions] ran successfully
[2018-05-22T10:19:34+00:00] WARN: only_if block for file[/var/opt/gitlab/gitlab-rails/etc/gitlab-registry.key] returned a string, did you mean to run a command?
[2018-05-22T10:19:35+00:00] INFO: template[/var/opt/gitlab/gitlab-rails/etc/gitlab.yml] backed up to /opt/gitlab/embedded/cookbooks/cache/backup/var/opt/gitlab/gitlab-rails/etc/gitlab.yml.chef-20180522101935.050194
[2018-05-22T10:19:35+00:00] INFO: template[/var/opt/gitlab/gitlab-rails/etc/gitlab.yml] updated file contents /var/opt/gitlab/gitlab-rails/etc/gitlab.yml
[2018-05-22T10:19:35+00:00] INFO: execute[chown -R root:root /opt/gitlab/embedded/service/gitlab-rails/public] ran successfully
[2018-05-22T10:19:37+00:00] INFO: template[/var/opt/gitlab/nginx/conf/gitlab-registry.conf] created file /var/opt/gitlab/nginx/conf/gitlab-registry.conf
[2018-05-22T10:19:37+00:00] INFO: template[/var/opt/gitlab/nginx/conf/gitlab-registry.conf] updated file contents /var/opt/gitlab/nginx/conf/gitlab-registry.conf
[2018-05-22T10:19:37+00:00] INFO: template[/var/opt/gitlab/nginx/conf/gitlab-registry.conf] owner changed to 0
[2018-05-22T10:19:37+00:00] INFO: template[/var/opt/gitlab/nginx/conf/gitlab-registry.conf] group changed to 0
[2018-05-22T10:19:37+00:00] INFO: template[/var/opt/gitlab/nginx/conf/gitlab-registry.conf] mode changed to 644
[2018-05-22T10:19:37+00:00] INFO: template[/var/opt/gitlab/nginx/conf/nginx.conf] backed up to /opt/gitlab/embedded/cookbooks/cache/backup/var/opt/gitlab/nginx/conf/nginx.conf.chef-20180522101937.985009
[2018-05-22T10:19:37+00:00] INFO: template[/var/opt/gitlab/nginx/conf/nginx.conf] updated file contents /var/opt/gitlab/nginx/conf/nginx.conf
[2018-05-22T10:19:38+00:00] INFO: template[/var/opt/gitlab/nginx/conf/nginx.conf] not queuing delayed action restart on service[nginx] (delayed), as it's already been queued
[2018-05-22T10:19:38+00:00] INFO: directory[/opt/gitlab/etc/registry/env] created directory /opt/gitlab/etc/registry/env
[2018-05-22T10:19:38+00:00] INFO: directory[/opt/gitlab/sv/registry] created directory /opt/gitlab/sv/registry
[2018-05-22T10:19:38+00:00] INFO: directory[/opt/gitlab/sv/registry] owner changed to 0
[2018-05-22T10:19:38+00:00] INFO: directory[/opt/gitlab/sv/registry] group changed to 0
[2018-05-22T10:19:38+00:00] INFO: directory[/opt/gitlab/sv/registry] mode changed to 755
[2018-05-22T10:19:38+00:00] INFO: directory[/opt/gitlab/sv/registry/log] created directory /opt/gitlab/sv/registry/log
[2018-05-22T10:19:38+00:00] INFO: directory[/opt/gitlab/sv/registry/log] owner changed to 0
[2018-05-22T10:19:38+00:00] INFO: directory[/opt/gitlab/sv/registry/log] group changed to 0
[2018-05-22T10:19:38+00:00] INFO: directory[/opt/gitlab/sv/registry/log] mode changed to 755
[2018-05-22T10:19:38+00:00] INFO: directory[/opt/gitlab/sv/registry/log/main] created directory /opt/gitlab/sv/registry/log/main
[2018-05-22T10:19:38+00:00] INFO: directory[/opt/gitlab/sv/registry/log/main] owner changed to 0
[2018-05-22T10:19:38+00:00] INFO: directory[/opt/gitlab/sv/registry/log/main] group changed to 0
[2018-05-22T10:19:38+00:00] INFO: directory[/opt/gitlab/sv/registry/log/main] mode changed to 755
[2018-05-22T10:19:38+00:00] INFO: template[/opt/gitlab/sv/registry/run] created file /opt/gitlab/sv/registry/run
[2018-05-22T10:19:38+00:00] INFO: template[/opt/gitlab/sv/registry/run] updated file contents /opt/gitlab/sv/registry/run
[2018-05-22T10:19:38+00:00] INFO: template[/opt/gitlab/sv/registry/run] owner changed to 0
[2018-05-22T10:19:38+00:00] INFO: template[/opt/gitlab/sv/registry/run] group changed to 0
[2018-05-22T10:19:38+00:00] INFO: template[/opt/gitlab/sv/registry/run] mode changed to 755
[2018-05-22T10:19:38+00:00] INFO: template[/opt/gitlab/sv/registry/log/run] created file /opt/gitlab/sv/registry/log/run
[2018-05-22T10:19:38+00:00] INFO: template[/opt/gitlab/sv/registry/log/run] updated file contents /opt/gitlab/sv/registry/log/run
[2018-05-22T10:19:38+00:00] INFO: template[/opt/gitlab/sv/registry/log/run] owner changed to 0
[2018-05-22T10:19:38+00:00] INFO: template[/opt/gitlab/sv/registry/log/run] group changed to 0
[2018-05-22T10:19:38+00:00] INFO: template[/opt/gitlab/sv/registry/log/run] mode changed to 755
[2018-05-22T10:19:38+00:00] INFO: link[/opt/gitlab/init/registry] created
[2018-05-22T10:19:38+00:00] INFO: link[/opt/gitlab/service/registry] created
[2018-05-22T10:19:41+00:00] INFO: ruby_block[supervise_registry_sleep] called
[2018-05-22T10:19:41+00:00] INFO: directory[/opt/gitlab/sv/registry/supervise] mode changed to 755
[2018-05-22T10:19:41+00:00] INFO: directory[/opt/gitlab/sv/registry/log/supervise] mode changed to 755
[2018-05-22T10:19:41+00:00] INFO: templatesymlink[Create a gitlab.yml and create a symlink to Rails root] sending restart action to service[unicorn] (delayed)
[2018-05-22T10:19:41+00:00] INFO: service[unicorn] restarted
[2018-05-22T10:19:41+00:00] INFO: templatesymlink[Create a gitlab.yml and create a symlink to Rails root] sending restart action to service[sidekiq] (delayed)
[2018-05-22T10:19:45+00:00] INFO: service[sidekiq] restarted
[2018-05-22T10:19:45+00:00] INFO: templatesymlink[Create a gitlab.yml and create a symlink to Rails root] sending run action to execute[clear the gitlab-rails cache] (delayed)
[2018-05-22T10:20:26+00:00] INFO: execute[clear the gitlab-rails cache] ran successfully
[2018-05-22T10:20:26+00:00] INFO: template[/var/opt/gitlab/nginx/conf/gitlab-registry.conf] sending restart action to service[nginx] (delayed)
[2018-05-22T10:20:26+00:00] INFO: service[nginx] restarted
[2018-05-22T10:20:26+00:00] INFO: env_dir[/opt/gitlab/etc/registry/env] sending restart action to service[registry] (delayed)
[2018-05-22T10:20:27+00:00] INFO: service[registry] restarted
[2018-05-22T10:20:27+00:00] INFO: Chef Run complete in 59.6602576 seconds
[2018-05-22T10:20:27+00:00] INFO: Running report handlers
[2018-05-22T10:20:27+00:00] INFO: Report handlers complete
