# Logfile created on 2018-05-22 10:46:22 +0000 by logger.rb/56438
[2018-05-22T10:46:23+00:00] INFO: Started chef-zero at chefzero://localhost:1 with repository at /opt/gitlab/embedded
  One version per cookbook

[2018-05-22T10:46:23+00:00] INFO: *** Chef 13.6.4 ***
[2018-05-22T10:46:23+00:00] INFO: Platform: x86_64-linux
[2018-05-22T10:46:23+00:00] INFO: Chef-client pid: 13686
[2018-05-22T10:46:23+00:00] INFO: The plugin path /etc/chef/ohai/plugins does not exist. Skipping...
[2018-05-22T10:46:24+00:00] WARN: Plugin Network: unable to detect ipaddress
[2018-05-22T10:46:25+00:00] INFO: Setting the run_list to ["recipe[gitlab]"] from CLI options
[2018-05-22T10:46:25+00:00] INFO: Run List is [recipe[gitlab]]
[2018-05-22T10:46:25+00:00] INFO: Run List expands to [gitlab]
[2018-05-22T10:46:25+00:00] INFO: Starting Chef Run for gitlab.example.com
[2018-05-22T10:46:25+00:00] INFO: Running start handlers
[2018-05-22T10:46:25+00:00] INFO: Start handlers complete.
[2018-05-22T10:46:26+00:00] INFO: Loading cookbooks [gitlab@0.0.1, package@0.1.0, postgresql@0.1.0, registry@0.1.0, mattermost@0.1.0, consul@0.0.0, gitaly@0.1.0, letsencrypt@0.1.0, nginx@0.1.0, runit@0.14.2, acme@3.1.0, crond@0.1.0, compat_resource@12.19.0]
[2018-05-22T10:46:30+00:00] WARN: Runtime directory '/run' is not a tmpfs.
[2018-05-22T10:46:30+00:00] WARN: Skipped selecting an init system because it looks like we are running in a container
[2018-05-22T10:46:32+00:00] INFO: The plugin path /etc/chef/ohai/plugins does not exist. Skipping...
[2018-05-22T10:46:32+00:00] INFO: execute[/opt/gitlab/embedded/service/gitlab-shell/bin/gitlab-keys check-permissions] ran successfully
[2018-05-22T10:46:34+00:00] WARN: only_if block for file[/var/opt/gitlab/gitlab-rails/etc/gitlab-registry.key] returned a string, did you mean to run a command?
[2018-05-22T10:46:35+00:00] INFO: execute[chown -R root:root /opt/gitlab/embedded/service/gitlab-rails/public] ran successfully
[2018-05-22T10:46:35+00:00] INFO: ruby_block[Move existing certs and link to /opt/gitlab/embedded/ssl/certs] called
[2018-05-22T10:46:37+00:00] INFO: template[/var/opt/gitlab/nginx/conf/gitlab-registry.conf] backed up to /opt/gitlab/embedded/cookbooks/cache/backup/var/opt/gitlab/nginx/conf/gitlab-registry.conf.chef-20180522104637.566562
[2018-05-22T10:46:37+00:00] INFO: template[/var/opt/gitlab/nginx/conf/gitlab-registry.conf] updated file contents /var/opt/gitlab/nginx/conf/gitlab-registry.conf
[2018-05-22T10:46:38+00:00] INFO: ruby_block[Move existing certs and link to /opt/gitlab/embedded/ssl/certs] sending restart action to service[unicorn] (delayed)
[2018-05-22T10:46:38+00:00] INFO: service[unicorn] restarted
[2018-05-22T10:46:38+00:00] INFO: Chef Run complete in 13.6933554 seconds
[2018-05-22T10:46:38+00:00] INFO: Running report handlers
[2018-05-22T10:46:38+00:00] INFO: Report handlers complete
